2026/05/09 00:01:08
INFO: 2026/05/09 00:01:08 /api/public/v1/: - - - - : HEALTHCHECK SUCCESS : - - - -
INFO: 2026/05/09 00:01:08 /api/public/v1/: PROCESS TIME: 2026/05/09 00:01:08
INFO: 2026/05/09 00:01:08 /api/public/v1/: REQUEST: NO REQUEST BODY
INFO: 2026/05/09 00:01:08 /api/public/v1/: RESPONSE: map[message:This service is running. status:success]
INFO: 2026/05/09 00:01:08 /api/public/v1/: STATUS: 200
2026/05/09 00:08:47
INFO: 2026/05/09 00:08:47 /api/public/v1/: - - - - : HEALTHCHECK SUCCESS : - - - -
INFO: 2026/05/09 00:08:47 /api/public/v1/: PROCESS TIME: 2026/05/09 00:08:47
INFO: 2026/05/09 00:08:47 /api/public/v1/: REQUEST: NO REQUEST BODY
INFO: 2026/05/09 00:08:47 /api/public/v1/: RESPONSE: map[message:This service is running. status:success]
INFO: 2026/05/09 00:08:47 /api/public/v1/: STATUS: 200
2026/05/09 00:32:55
INFO: 2026/05/09 00:32:55 /api/public/v1/: - - - - : HEALTHCHECK SUCCESS : - - - -
INFO: 2026/05/09 00:32:55 /api/public/v1/: PROCESS TIME: 2026/05/09 00:32:55
INFO: 2026/05/09 00:32:55 /api/public/v1/: REQUEST: NO REQUEST BODY
INFO: 2026/05/09 00:32:55 /api/public/v1/: RESPONSE: map[message:This service is running. status:success]
INFO: 2026/05/09 00:32:55 /api/public/v1/: STATUS: 200
2026/05/09 00:42:16
INFO: 2026/05/09 00:42:16 /api/public/v1/: - - - - : HEALTHCHECK SUCCESS : - - - -
INFO: 2026/05/09 00:42:16 /api/public/v1/: PROCESS TIME: 2026/05/09 00:42:16
INFO: 2026/05/09 00:42:16 /api/public/v1/: REQUEST: NO REQUEST BODY
INFO: 2026/05/09 00:42:16 /api/public/v1/: RESPONSE: map[message:This service is running. status:success]
INFO: 2026/05/09 00:42:16 /api/public/v1/: STATUS: 200
